STATUS | wrapper  | 2017/10/15 22:08:46 | --> Wrapper Started as Daemon
STATUS | wrapper  | 2017/10/15 22:08:46 | Launching a JVM...
INFO   | jvm 1    | 2017/10/15 22:08:47 | Wrapper (Version 3.2.3) http://wrapper.tanukisoftware.org
INFO   | jvm 1    | 2017/10/15 22:08:47 |   Copyright 1999-2006 Tanuki Software, Inc.  All Rights Reserved.
INFO   | jvm 1    | 2017/10/15 22:08:47 | 
INFO   | jvm 1    | 2017/10/15 22:08:47 | SLF4J: Class path contains multiple SLF4J bindings.
INFO   | jvm 1    | 2017/10/15 22:08:47 | SLF4J: Found binding in [jar:file:/Users/cform/Sites/JaniseSheng/zj-phone-java/lib/logback-classic-1.1.7.jar!/org/slf4j/impl/StaticLoggerBinder.class]
INFO   | jvm 1    | 2017/10/15 22:08:47 | SLF4J: Found binding in [jar:file:/Users/cform/Sites/JaniseSheng/zj-phone-java/lib/slf4j-log4j12-1.7.21.jar!/org/slf4j/impl/StaticLoggerBinder.class]
INFO   | jvm 1    | 2017/10/15 22:08:47 | SLF4J: See http://www.slf4j.org/codes.html#multiple_bindings for an explanation.
INFO   | jvm 1    | 2017/10/15 22:08:47 | SLF4J: Actual binding is of type [ch.qos.logback.classic.util.ContextSelectorStaticBinder]
INFO   | jvm 1    | 2017/10/15 22:08:48 | 
INFO   | jvm 1    | 2017/10/15 22:08:48 |   .   ____          _            __ _ _
INFO   | jvm 1    | 2017/10/15 22:08:48 |  /\\ / ___'_ __ _ _(_)_ __  __ _ \ \ \ \
INFO   | jvm 1    | 2017/10/15 22:08:48 | ( ( )\___ | '_ | '_| | '_ \/ _` | \ \ \ \
INFO   | jvm 1    | 2017/10/15 22:08:48 |  \\/  ___)| |_)| | | | | || (_| |  ) ) ) )
INFO   | jvm 1    | 2017/10/15 22:08:48 |   '  |____| .__|_| |_|_| |_\__, | / / / /
INFO   | jvm 1    | 2017/10/15 22:08:48 |  =========|_|==============|___/=/_/_/_/
INFO   | jvm 1    | 2017/10/15 22:08:48 |  :: Spring Boot ::        (v1.4.0.RELEASE)
INFO   | jvm 1    | 2017/10/15 22:08:48 | 
INFO   | jvm 1    | 2017/10/15 22:08:48 | 2017-10-15 22:08:48.409  INFO 1093 --- [erSimpleAppMain] com.iphone.Application                   : Starting Application v1.0-SNAPSHOT on janiseshengs-MBPR.local with PID 1093 (/Users/cform/Sites/JaniseSheng/zj-phone-java/lib/spring-cloud-iphone-1.0-SNAPSHOT.jar started by cform in /Users/cform/Sites/JaniseSheng/zj-phone-java)
INFO   | jvm 1    | 2017/10/15 22:08:48 | 2017-10-15 22:08:48.414  INFO 1093 --- [erSimpleAppMain] com.iphone.Application                   : No active profile set, falling back to default profiles: default
INFO   | jvm 1    | 2017/10/15 22:08:48 | 2017-10-15 22:08:48.518  INFO 1093 --- [erSimpleAppMain] ationConfigEmbeddedWebApplicationContext : Refreshing org.springframework.boot.context.embedded.AnnotationConfigEmbeddedWebApplicationContext@79f5fb58: startup date [Sun Oct 15 22:08:48 CST 2017]; root of context hierarchy
INFO   | jvm 1    | 2017/10/15 22:08:49 | 2017-10-15 22:08:49.398  INFO 1093 --- [erSimpleAppMain] o.s.b.f.xml.XmlBeanDefinitionReader      : Loading XML bean definitions from class path resource [spring/applicationContext-bean.xml]
INFO   | jvm 1    | 2017/10/15 22:08:49 | 2017-10-15 22:08:49.633  INFO 1093 --- [erSimpleAppMain] o.s.b.f.xml.XmlBeanDefinitionReader      : Loading XML bean definitions from class path resource [spring/applicationContext-jdbc.xml]
INFO   | jvm 1    | 2017/10/15 22:08:50 | 2017-10-15 22:08:49.927  INFO 1093 --- [erSimpleAppMain] o.s.b.f.s.DefaultListableBeanFactory     : Overriding bean definition for bean 'org.springframework.transaction.config.internalTransactionAdvisor' with a different definition: replacing [Root bean: class [org.springframework.transaction.interceptor.BeanFactoryTransactionAttributeSourceAdvisor]; scope=; abstract=false; lazyInit=false; autowireMode=0; dependencyCheck=0; autowireCandidate=true; primary=false; factoryBeanName=null; factoryMethodName=null; initMethodName=null; destroyMethodName=null] with [Root bean: class [null]; scope=; abstract=false; lazyInit=false; autowireMode=3; dependencyCheck=0; autowireCandidate=true; primary=false; factoryBeanName=org.springframework.transaction.annotation.ProxyTransactionManagementConfiguration; factoryMethodName=transactionAdvisor; initMethodName=null; destroyMethodName=(inferred); defined in class path resource [org/springframework/transaction/annotation/ProxyTransactionManagementConfiguration.class]]
INFO   | jvm 1    | 2017/10/15 22:08:50 | 2017-10-15 22:08:49.928  INFO 1093 --- [erSimpleAppMain] a.ConfigurationClassBeanDefinitionReader : Skipping bean definition for [BeanMethod:name=transactionalEventListenerFactory,declaringClass=org.springframework.transaction.annotation.AbstractTransactionManagementConfiguration]: a definition for bean 'org.springframework.transaction.config.internalTransactionalEventListenerFactory' already exists. This top-level bean definition is considered as an override.
INFO   | jvm 1    | 2017/10/15 22:08:50 | 2017-10-15 22:08:50.248  INFO 1093 --- [erSimpleAppMain] o.s.b.f.config.PropertiesFactoryBean     : Loading properties file from class path resource [system.properties]
INFO   | jvm 1    | 2017/10/15 22:08:50 | 2017-10-15 22:08:50.249  INFO 1093 --- [erSimpleAppMain] o.s.b.f.config.PropertiesFactoryBean     : Loading properties file from class path resource [application.properties]
INFO   | jvm 1    | 2017/10/15 22:08:50 | 2017-10-15 22:08:50.397  INFO 1093 --- [erSimpleAppMain] trationDelegate$BeanPostProcessorChecker : Bean 'org.springframework.transaction.annotation.ProxyTransactionManagementConfiguration' of type [class org.springframework.transaction.annotation.ProxyTransactionManagementConfiguration$$EnhancerBySpringCGLIB$$434377b2] is not eligible for getting processed by all BeanPostProcessors (for example: not eligible for auto-proxying)
INFO   | jvm 1    | 2017/10/15 22:08:51 | 2017-10-15 22:08:50.959  INFO 1093 --- [erSimpleAppMain] s.b.c.e.t.TomcatEmbeddedServletContainer : Tomcat initialized with port(s): 8080 (http)
INFO   | jvm 1    | 2017/10/15 22:08:51 | 2017-10-15 22:08:50.980  INFO 1093 --- [erSimpleAppMain] o.apache.catalina.core.StandardService   : Starting service Tomcat
INFO   | jvm 1    | 2017/10/15 22:08:51 | 2017-10-15 22:08:50.981  INFO 1093 --- [erSimpleAppMain] org.apache.catalina.core.StandardEngine  : Starting Servlet Engine: Apache Tomcat/8.5.4
INFO   | jvm 1    | 2017/10/15 22:08:51 | 2017-10-15 22:08:51.108  INFO 1093 --- [ost-startStop-1] o.a.c.c.C.[Tomcat].[localhost].[/]       : Initializing Spring embedded WebApplicationContext
INFO   | jvm 1    | 2017/10/15 22:08:51 | 2017-10-15 22:08:51.108  INFO 1093 --- [ost-startStop-1] o.s.web.context.ContextLoader            : Root WebApplicationContext: initialization completed in 2596 ms
INFO   | jvm 1    | 2017/10/15 22:08:51 | 2017-10-15 22:08:51.275  INFO 1093 --- [ost-startStop-1] o.s.b.w.servlet.ServletRegistrationBean  : Mapping servlet: 'dispatcherServlet' to [/]
INFO   | jvm 1    | 2017/10/15 22:08:51 | 2017-10-15 22:08:51.281  INFO 1093 --- [ost-startStop-1] o.s.b.w.servlet.FilterRegistrationBean   : Mapping filter: 'characterEncodingFilter' to: [/*]
INFO   | jvm 1    | 2017/10/15 22:08:51 | 2017-10-15 22:08:51.282  INFO 1093 --- [ost-startStop-1] o.s.b.w.servlet.FilterRegistrationBean   : Mapping filter: 'hiddenHttpMethodFilter' to: [/*]
INFO   | jvm 1    | 2017/10/15 22:08:51 | 2017-10-15 22:08:51.282  INFO 1093 --- [ost-startStop-1] o.s.b.w.servlet.FilterRegistrationBean   : Mapping filter: 'httpPutFormContentFilter' to: [/*]
INFO   | jvm 1    | 2017/10/15 22:08:51 | 2017-10-15 22:08:51.282  INFO 1093 --- [ost-startStop-1] o.s.b.w.servlet.FilterRegistrationBean   : Mapping filter: 'requestContextFilter' to: [/*]
INFO   | jvm 1    | 2017/10/15 22:08:51 | 2017-10-15 22:08:51.385  INFO 1093 --- [erSimpleAppMain] o.s.j.d.DriverManagerDataSource          : Loaded JDBC driver: com.mysql.jdbc.Driver
INFO   | jvm 1    | 2017/10/15 22:08:52 | 2017-10-15 22:08:52.228  INFO 1093 --- [erSimpleAppMain] s.w.s.m.m.a.RequestMappingHandlerAdapter : Looking for @ControllerAdvice: org.springframework.boot.context.embedded.AnnotationConfigEmbeddedWebApplicationContext@79f5fb58: startup date [Sun Oct 15 22:08:48 CST 2017]; root of context hierarchy
INFO   | jvm 1    | 2017/10/15 22:08:52 | 2017-10-15 22:08:52.317  INFO 1093 --- [erSimpleAppMain] s.w.s.m.m.a.RequestMappingHandlerMapping : Mapped "{[/iphonebackstage/basicservice],methods=[POST]}" onto public com.iphone.iphonebackstage.dto.BasicServiceResBody com.iphone.controller.IphoneBackstageController.loginlog(com.iphone.iphonebackstage.dto.BasicServiceReqBody)
INFO   | jvm 1    | 2017/10/15 22:08:52 | 2017-10-15 22:08:52.318  INFO 1093 --- [erSimpleAppMain] s.w.s.m.m.a.RequestMappingHandlerMapping : Mapped "{[/iphonebackstage/serviceclassicedit],methods=[PATCH]}" onto public void com.iphone.controller.IphoneBackstageController.serviceclassicedit()
INFO   | jvm 1    | 2017/10/15 22:08:52 | 2017-10-15 22:08:52.319  INFO 1093 --- [erSimpleAppMain] s.w.s.m.m.a.RequestMappingHandlerMapping : Mapped "{[/iphonebackstage/userleveledit],methods=[PATCH]}" onto public void com.iphone.controller.IphoneBackstageController.userleveledit()
INFO   | jvm 1    | 2017/10/15 22:08:52 | 2017-10-15 22:08:52.319  INFO 1093 --- [erSimpleAppMain] s.w.s.m.m.a.RequestMappingHandlerMapping : Mapped "{[/iphonebackstage/orderstatusedit],methods=[PATCH]}" onto public void com.iphone.controller.IphoneBackstageController.orderstatusedit()
INFO   | jvm 1    | 2017/10/15 22:08:52 | 2017-10-15 22:08:52.319  INFO 1093 --- [erSimpleAppMain] s.w.s.m.m.a.RequestMappingHandlerMapping : Mapped "{[/iphonebackstage/historyorderquery],methods=[POST]}" onto public com.iphone.iphone.dto.OrdersQueryResBody com.iphone.controller.IphoneBackstageController.placeorder(com.iphone.iphone.dto.OrdersQueryReqBody)
INFO   | jvm 1    | 2017/10/15 22:08:52 | 2017-10-15 22:08:52.319  INFO 1093 --- [erSimpleAppMain] s.w.s.m.m.a.RequestMappingHandlerMapping : Mapped "{[/iphonebackstage/customerinfo],methods=[POST]}" onto public com.iphone.iphonebackstage.dto.CustomerInfoResBody com.iphone.controller.IphoneBackstageController.placeorder(com.iphone.iphonebackstage.dto.CustomerInfoReqBody)
INFO   | jvm 1    | 2017/10/15 22:08:52 | 2017-10-15 22:08:52.321  INFO 1093 --- [erSimpleAppMain] s.w.s.m.m.a.RequestMappingHandlerMapping : Mapped "{[/iphone/register],methods=[POST]}" onto public com.iphone.iphone.dto.UserInfoResBody com.iphone.controller.IphoneController.register(com.iphone.iphone.dto.UserInfoReqBody)
INFO   | jvm 1    | 2017/10/15 22:08:52 | 2017-10-15 22:08:52.321  INFO 1093 --- [erSimpleAppMain] s.w.s.m.m.a.RequestMappingHandlerMapping : Mapped "{[/iphone/loginlog],methods=[POST]}" onto public com.iphone.iphone.dto.LoginLogResBody com.iphone.controller.IphoneController.loginlog(com.iphone.iphone.dto.LoginLogReqBody)
INFO   | jvm 1    | 2017/10/15 22:08:52 | 2017-10-15 22:08:52.322  INFO 1093 --- [erSimpleAppMain] s.w.s.m.m.a.RequestMappingHandlerMapping : Mapped "{[/iphone/historyorderquery],methods=[POST]}" onto public com.iphone.iphone.dto.OrdersQueryResBody com.iphone.controller.IphoneController.placeorder(com.iphone.iphone.dto.OrdersQueryReqBody)
INFO   | jvm 1    | 2017/10/15 22:08:52 | 2017-10-15 22:08:52.322  INFO 1093 --- [erSimpleAppMain] s.w.s.m.m.a.RequestMappingHandlerMapping : Mapped "{[/iphone/userlogin],methods=[POST]}" onto public com.iphone.iphone.dto.UserInfoResBody com.iphone.controller.IphoneController.userlogin(com.iphone.iphone.dto.UserInfoReqBody)
INFO   | jvm 1    | 2017/10/15 22:08:52 | 2017-10-15 22:08:52.322  INFO 1093 --- [erSimpleAppMain] s.w.s.m.m.a.RequestMappingHandlerMapping : Mapped "{[/iphone/hotservice],methods=[POST]}" onto public com.iphone.iphone.dto.HotServiceResBody com.iphone.controller.IphoneController.hotservice(com.iphone.iphone.dto.HotServiceReqBody)
INFO   | jvm 1    | 2017/10/15 22:08:52 | 2017-10-15 22:08:52.322  INFO 1093 --- [erSimpleAppMain] s.w.s.m.m.a.RequestMappingHandlerMapping : Mapped "{[/iphone/accountrecord],methods=[POST]}" onto public com.iphone.iphone.dto.OrdersQueryResBody com.iphone.controller.IphoneController.accountrecord(com.iphone.iphone.dto.OrdersQueryReqBody)
INFO   | jvm 1    | 2017/10/15 22:08:52 | 2017-10-15 22:08:52.322  INFO 1093 --- [erSimpleAppMain] s.w.s.m.m.a.RequestMappingHandlerMapping : Mapped "{[/iphone/personaldatamodify],methods=[PATCH]}" onto public void com.iphone.controller.IphoneController.personaldatamodify(com.iphone.iphone.dto.UserInfoReqBody)
INFO   | jvm 1    | 2017/10/15 22:08:52 | 2017-10-15 22:08:52.323  INFO 1093 --- [erSimpleAppMain] s.w.s.m.m.a.RequestMappingHandlerMapping : Mapped "{[/iphone/userchangepw],methods=[PATCH]}" onto public void com.iphone.controller.IphoneController.userchangepw(com.iphone.iphone.dto.UserInfoReqBody)
INFO   | jvm 1    | 2017/10/15 22:08:52 | 2017-10-15 22:08:52.323  INFO 1093 --- [erSimpleAppMain] s.w.s.m.m.a.RequestMappingHandlerMapping : Mapped "{[/iphone/rechargerecord],methods=[POST]}" onto public com.iphone.iphone.dto.RechargeRecordResBody com.iphone.controller.IphoneController.rechargerecord(com.iphone.iphone.dto.RechargeRecordReqBody)
INFO   | jvm 1    | 2017/10/15 22:08:52 | 2017-10-15 22:08:52.329  INFO 1093 --- [erSimpleAppMain] s.w.s.m.m.a.RequestMappingHandlerMapping : Mapped "{[/error]}" onto public org.springframework.http.ResponseEntity<java.util.Map<java.lang.String, java.lang.Object>> org.springframework.boot.autoconfigure.web.BasicErrorController.error(javax.servlet.http.HttpServletRequest)
INFO   | jvm 1    | 2017/10/15 22:08:52 | 2017-10-15 22:08:52.329  INFO 1093 --- [erSimpleAppMain] s.w.s.m.m.a.RequestMappingHandlerMapping : Mapped "{[/error],produces=[text/html]}" onto public org.springframework.web.servlet.ModelAndView org.springframework.boot.autoconfigure.web.BasicErrorController.errorHtml(javax.servlet.http.HttpServletRequest,javax.servlet.http.HttpServletResponse)
INFO   | jvm 1    | 2017/10/15 22:08:52 | 2017-10-15 22:08:52.382  INFO 1093 --- [erSimpleAppMain] o.s.w.s.handler.SimpleUrlHandlerMapping  : Mapped URL path [/webjars/**] onto handler of type [class org.springframework.web.servlet.resource.ResourceHttpRequestHandler]
INFO   | jvm 1    | 2017/10/15 22:08:52 | 2017-10-15 22:08:52.382  INFO 1093 --- [erSimpleAppMain] o.s.w.s.handler.SimpleUrlHandlerMapping  : Mapped URL path [/**] onto handler of type [class org.springframework.web.servlet.resource.ResourceHttpRequestHandler]
INFO   | jvm 1    | 2017/10/15 22:08:52 | 2017-10-15 22:08:52.447  INFO 1093 --- [erSimpleAppMain] o.s.w.s.handler.SimpleUrlHandlerMapping  : Mapped URL path [/**/favicon.ico] onto handler of type [class org.springframework.web.servlet.resource.ResourceHttpRequestHandler]
INFO   | jvm 1    | 2017/10/15 22:08:52 | 2017-10-15 22:08:52.723  INFO 1093 --- [erSimpleAppMain] o.s.j.e.a.AnnotationMBeanExporter        : Registering beans for JMX exposure on startup
INFO   | jvm 1    | 2017/10/15 22:08:53 | 2017-10-15 22:08:52.962  INFO 1093 --- [erSimpleAppMain] s.b.c.e.t.TomcatEmbeddedServletContainer : Tomcat started on port(s): 8080 (http)
INFO   | jvm 1    | 2017/10/15 22:08:53 | 2017-10-15 22:08:52.971  INFO 1093 --- [erSimpleAppMain] com.iphone.Application                   : Started Application in 5.404 seconds (JVM running for 6.016)
INFO   | jvm 1    | 2017/10/15 23:26:34 | 2017-10-15 23:26:34.722  INFO 1093 --- [nio-8080-exec-1] o.a.c.c.C.[Tomcat].[localhost].[/]       : Initializing Spring FrameworkServlet 'dispatcherServlet'
INFO   | jvm 1    | 2017/10/15 23:26:34 | 2017-10-15 23:26:34.722  INFO 1093 --- [nio-8080-exec-1] o.s.web.servlet.DispatcherServlet        : FrameworkServlet 'dispatcherServlet': initialization started
INFO   | jvm 1    | 2017/10/15 23:26:34 | 2017-10-15 23:26:34.765  INFO 1093 --- [nio-8080-exec-1] o.s.web.servlet.DispatcherServlet        : FrameworkServlet 'dispatcherServlet': initialization completed in 43 ms
INFO   | jvm 1    | 2017/10/15 23:26:36 | 2017-10-15 23:26:36.488  INFO 1093 --- [nio-8080-exec-1] c.i.c.IphoneBackstageController          : 基础服务查询
INFO   | jvm 1    | 2017/10/15 23:40:03 | 2017-10-15 23:40:03.626  INFO 1093 --- [nio-8080-exec-8] c.i.c.IphoneBackstageController          : 基础服务查询
INFO   | jvm 1    | 2017/10/15 23:46:32 | 2017-10-15 23:46:32.862  INFO 1093 --- [io-8080-exec-10] c.i.c.IphoneBackstageController          : 基础服务查询
INFO   | jvm 1    | 2017/10/15 23:46:43 | 2017-10-15 23:46:43.309  INFO 1093 --- [nio-8080-exec-1] c.i.c.IphoneBackstageController          : 基础服务查询
INFO   | jvm 1    | 2017/10/15 23:46:43 | 2017-10-15 23:46:43.452  INFO 1093 --- [nio-8080-exec-2] c.i.c.IphoneBackstageController          : 基础服务查询
INFO   | jvm 1    | 2017/10/15 23:46:43 | 2017-10-15 23:46:43.517  INFO 1093 --- [nio-8080-exec-3] c.i.c.IphoneBackstageController          : 基础服务查询
INFO   | jvm 1    | 2017/10/15 23:46:43 | 2017-10-15 23:46:43.700  INFO 1093 --- [nio-8080-exec-4] c.i.c.IphoneBackstageController          : 基础服务查询
INFO   | jvm 1    | 2017/10/15 23:46:59 | 2017-10-15 23:46:59.588  INFO 1093 --- [nio-8080-exec-5] c.i.c.IphoneBackstageController          : 基础服务查询
INFO   | jvm 1    | 2017/10/15 23:46:59 | 2017-10-15 23:46:59.661  INFO 1093 --- [nio-8080-exec-6] c.i.c.IphoneBackstageController          : 基础服务查询
INFO   | jvm 1    | 2017/10/15 23:46:59 | 2017-10-15 23:46:59.691  INFO 1093 --- [nio-8080-exec-7] c.i.c.IphoneBackstageController          : 基础服务查询
INFO   | jvm 1    | 2017/10/15 23:46:59 | 2017-10-15 23:46:59.713  INFO 1093 --- [nio-8080-exec-8] c.i.c.IphoneBackstageController          : 基础服务查询
INFO   | jvm 1    | 2017/10/15 23:46:59 | 2017-10-15 23:46:59.746  INFO 1093 --- [nio-8080-exec-9] c.i.c.IphoneBackstageController          : 基础服务查询
INFO   | jvm 1    | 2017/10/15 23:47:23 | 2017-10-15 23:47:23.652  INFO 1093 --- [io-8080-exec-10] c.i.c.IphoneBackstageController          : 基础服务查询
INFO   | jvm 1    | 2017/10/15 23:54:57 | 2017-10-15 23:54:57.855  INFO 1093 --- [nio-8080-exec-1] c.i.c.IphoneBackstageController          : 基础服务查询
INFO   | jvm 1    | 2017/10/15 23:54:57 | 2017-10-15 23:54:57.922  INFO 1093 --- [nio-8080-exec-2] c.i.c.IphoneBackstageController          : 基础服务查询
INFO   | jvm 1    | 2017/10/15 23:54:58 | 2017-10-15 23:54:57.963  INFO 1093 --- [nio-8080-exec-3] c.i.c.IphoneBackstageController          : 基础服务查询
INFO   | jvm 1    | 2017/10/15 23:54:58 | 2017-10-15 23:54:57.990  INFO 1093 --- [nio-8080-exec-4] c.i.c.IphoneBackstageController          : 基础服务查询
INFO   | jvm 1    | 2017/10/15 23:54:58 | 2017-10-15 23:54:58.037  INFO 1093 --- [nio-8080-exec-5] c.i.c.IphoneBackstageController          : 基础服务查询
INFO   | jvm 1    | 2017/10/15 23:55:18 | 2017-10-15 23:55:18.606  INFO 1093 --- [nio-8080-exec-6] c.i.c.IphoneBackstageController          : 基础服务查询
INFO   | jvm 1    | 2017/10/15 23:55:18 | 2017-10-15 23:55:18.646  INFO 1093 --- [nio-8080-exec-7] c.i.c.IphoneBackstageController          : 基础服务查询
INFO   | jvm 1    | 2017/10/15 23:55:18 | 2017-10-15 23:55:18.668  INFO 1093 --- [nio-8080-exec-8] c.i.c.IphoneBackstageController          : 基础服务查询
INFO   | jvm 1    | 2017/10/15 23:55:18 | 2017-10-15 23:55:18.691  INFO 1093 --- [nio-8080-exec-9] c.i.c.IphoneBackstageController          : 基础服务查询
INFO   | jvm 1    | 2017/10/15 23:55:18 | 2017-10-15 23:55:18.730  INFO 1093 --- [io-8080-exec-10] c.i.c.IphoneBackstageController          : 基础服务查询
INFO   | jvm 1    | 2017/10/15 23:56:39 | 2017-10-15 23:56:39.079  INFO 1093 --- [nio-8080-exec-1] c.i.c.IphoneBackstageController          : 基础服务查询
INFO   | jvm 1    | 2017/10/15 23:56:45 | 2017-10-15 23:56:45.678  INFO 1093 --- [nio-8080-exec-2] c.i.c.IphoneBackstageController          : 基础服务查询
INFO   | jvm 1    | 2017/10/15 23:56:46 | 2017-10-15 23:56:46.616  INFO 1093 --- [nio-8080-exec-3] c.i.c.IphoneBackstageController          : 基础服务查询
INFO   | jvm 1    | 2017/10/15 23:56:46 | 2017-10-15 23:56:46.657  INFO 1093 --- [nio-8080-exec-4] c.i.c.IphoneBackstageController          : 基础服务查询
INFO   | jvm 1    | 2017/10/15 23:56:46 | 2017-10-15 23:56:46.727  INFO 1093 --- [nio-8080-exec-5] c.i.c.IphoneBackstageController          : 基础服务查询
INFO   | jvm 1    | 2017/10/15 23:57:23 | 2017-10-15 23:57:23.843  INFO 1093 --- [nio-8080-exec-6] c.i.c.IphoneBackstageController          : 基础服务查询
INFO   | jvm 1    | 2017/10/15 23:57:23 | 2017-10-15 23:57:23.868  INFO 1093 --- [nio-8080-exec-7] c.i.c.IphoneBackstageController          : 基础服务查询
INFO   | jvm 1    | 2017/10/15 23:57:23 | 2017-10-15 23:57:23.890  INFO 1093 --- [nio-8080-exec-8] c.i.c.IphoneBackstageController          : 基础服务查询
INFO   | jvm 1    | 2017/10/15 23:57:24 | 2017-10-15 23:57:23.929  INFO 1093 --- [nio-8080-exec-9] c.i.c.IphoneBackstageController          : 基础服务查询
INFO   | jvm 1    | 2017/10/15 23:57:24 | 2017-10-15 23:57:23.955  INFO 1093 --- [io-8080-exec-10] c.i.c.IphoneBackstageController          : 基础服务查询
INFO   | jvm 1    | 2017/10/15 23:58:06 | 2017-10-15 23:58:06.608  INFO 1093 --- [nio-8080-exec-1] c.i.c.IphoneBackstageController          : 基础服务查询
INFO   | jvm 1    | 2017/10/15 23:58:06 | 2017-10-15 23:58:06.950  INFO 1093 --- [nio-8080-exec-2] c.i.c.IphoneBackstageController          : 基础服务查询
INFO   | jvm 1    | 2017/10/15 23:58:07 | 2017-10-15 23:58:06.972  INFO 1093 --- [nio-8080-exec-3] c.i.c.IphoneBackstageController          : 基础服务查询
INFO   | jvm 1    | 2017/10/15 23:58:07 | 2017-10-15 23:58:06.999  INFO 1093 --- [nio-8080-exec-4] c.i.c.IphoneBackstageController          : 基础服务查询
INFO   | jvm 1    | 2017/10/15 23:58:07 | 2017-10-15 23:58:07.104  INFO 1093 --- [nio-8080-exec-5] c.i.c.IphoneBackstageController          : 基础服务查询
INFO   | jvm 1    | 2017/10/15 23:58:44 | 2017-10-15 23:58:44.530  INFO 1093 --- [nio-8080-exec-6] c.i.c.IphoneBackstageController          : 基础服务查询
INFO   | jvm 1    | 2017/10/15 23:58:44 | 2017-10-15 23:58:44.561  INFO 1093 --- [nio-8080-exec-7] c.i.c.IphoneBackstageController          : 基础服务查询
INFO   | jvm 1    | 2017/10/15 23:58:44 | 2017-10-15 23:58:44.580  INFO 1093 --- [nio-8080-exec-8] c.i.c.IphoneBackstageController          : 基础服务查询
INFO   | jvm 1    | 2017/10/15 23:58:44 | 2017-10-15 23:58:44.608  INFO 1093 --- [nio-8080-exec-9] c.i.c.IphoneBackstageController          : 基础服务查询
INFO   | jvm 1    | 2017/10/15 23:58:44 | 2017-10-15 23:58:44.629  INFO 1093 --- [io-8080-exec-10] c.i.c.IphoneBackstageController          : 基础服务查询
INFO   | jvm 1    | 2017/10/15 23:58:51 | 2017-10-15 23:58:51.013  INFO 1093 --- [nio-8080-exec-1] c.i.c.IphoneBackstageController          : 基础服务查询
INFO   | jvm 1    | 2017/10/15 23:58:51 | 2017-10-15 23:58:51.037  INFO 1093 --- [nio-8080-exec-2] c.i.c.IphoneBackstageController          : 基础服务查询
INFO   | jvm 1    | 2017/10/15 23:58:51 | 2017-10-15 23:58:51.071  INFO 1093 --- [nio-8080-exec-3] c.i.c.IphoneBackstageController          : 基础服务查询
INFO   | jvm 1    | 2017/10/15 23:58:51 | 2017-10-15 23:58:51.092  INFO 1093 --- [nio-8080-exec-4] c.i.c.IphoneBackstageController          : 基础服务查询
INFO   | jvm 1    | 2017/10/15 23:58:51 | 2017-10-15 23:58:51.144  INFO 1093 --- [nio-8080-exec-5] c.i.c.IphoneBackstageController          : 基础服务查询
INFO   | jvm 1    | 2017/10/15 23:59:07 | 2017-10-15 23:59:07.276  INFO 1093 --- [nio-8080-exec-6] c.i.c.IphoneBackstageController          : 基础服务查询
INFO   | jvm 1    | 2017/10/16 00:10:19 | 2017-10-16 00:10:19.917  INFO 1093 --- [nio-8080-exec-7] c.i.c.IphoneBackstageController          : 基础服务查询
INFO   | jvm 1    | 2017/10/16 00:11:46 | 2017-10-16 00:11:46.177  WARN 1093 --- [nio-8080-exec-9] o.s.web.servlet.PageNotFound             : Request method 'POST' not supported
INFO   | jvm 1    | 2017/10/16 00:11:47 | 2017-10-16 00:11:47.231  INFO 1093 --- [nio-8080-exec-8] c.i.c.IphoneBackstageController          : 基础服务查询
INFO   | jvm 1    | 2017/10/16 00:14:47 | 2017-10-16 00:14:47.118  WARN 1093 --- [nio-8080-exec-1] o.s.web.servlet.PageNotFound             : Request method 'POST' not supported
INFO   | jvm 1    | 2017/10/16 00:14:48 | 2017-10-16 00:14:48.208  INFO 1093 --- [io-8080-exec-10] c.i.c.IphoneBackstageController          : 基础服务查询
STATUS | wrapper  | 2017/10/16 00:19:48 | TERM trapped.  Shutting down.
INFO   | jvm 1    | 2017/10/16 00:19:49 | 2017-10-16 00:19:49.155  INFO 1093 --- [       Thread-2] ationConfigEmbeddedWebApplicationContext : Closing org.springframework.boot.context.embedded.AnnotationConfigEmbeddedWebApplicationContext@79f5fb58: startup date [Sun Oct 15 22:08:48 CST 2017]; root of context hierarchy
INFO   | jvm 1    | 2017/10/16 00:19:49 | 2017-10-16 00:19:49.162  INFO 1093 --- [       Thread-2] o.s.j.e.a.AnnotationMBeanExporter        : Unregistering JMX-exposed beans on shutdown
STATUS | wrapper  | 2017/10/16 00:19:50 | <-- Wrapper Stopped
